<?xml version="1.0" encoding="UTF-8"?>
<!-- Generated by org.testng.reporters.JUnitReportReporter -->
<testsuite skipped="0" hostname="PROD--Mamtha" name="Testcases.Bankbazartestcase" tests="1" failures="0" timestamp="16 Sep 2018 17:40:58 GMT" time="45.822" errors="0">
  <testcase name="listMutualFunds" time="45.822" classname="Testcases.Bankbazartestcase"/>
</testsuite> <!-- Testcases.Bankbazartestcase -->
